1710787614777:help
1710788571965:p
1710788573965:help
1710788579967:llo
1710788590974:hello
1710792223457:step
1710792246326:hi
1710792250328:hello
1710792353444:step
1710792357446:hello
1710793547043:step
1710793837040:step 5
1710793971620:step 6
1710948409398:hello
1710948723333:testing
1710948783377:hello
1710948785377:testing
1710948879914:hello
1710948889919:testing
1710949006937:quit
1710949286704:exit
1710967142024:shutdown
1710968209022:hello
1710968219026:testing
1710968224028:shutdown
